<?xml version="1.0" encoding="UTF-8"?>
<!-- Generated by org.testng.reporters.JUnitXMLReporter -->
<testsuite ignored="2" hostname="LTIN252453" failures="2" tests="2" name="Test(failed)" time="18.719" errors="0" timestamp="2024-03-21T17:35:49 IST">
  <testcase classname="testCases.TC_3_15_LoanAmtCalculator_IntegressionTestingForEMITextBoxAndSlider" name="validatingDataFlowBetweenEMISliderAndTextBox" time="2.546">
    <failure type="java.lang.AssertionError" message="null">
      <![CDATA[java.lang.AssertionError: null
at utilities.Assertions.fail(Assertions.java:13)
at testCases.TC_3_15_LoanAmtCalculator_IntegressionTestingForEMITextBoxAndSlider.validatingDataFlowBetweenEMISliderAndTextBox(TC_3_15_LoanAmtCalculator_IntegressionTestingForEMITextBoxAndSlider.java:49)
at java.base/java.util.ArrayList.forEach(ArrayList.java:1511)
... Removed 29 stack frames]]>
    </failure>
  </testcase> <!-- validatingDataFlowBetweenEMISliderAndTextBox -->
  <testcase classname="testCases.TC_3_30_LoanTenureCalculator_IntegressionTestingForEMITextBoxAndSlider" name="validatingDataFlowBetweenEMISliderAndTextBox" time="2.158">
    <failure type="java.lang.AssertionError" message="null">
      <![CDATA[java.lang.AssertionError: null
at utilities.Assertions.fail(Assertions.java:13)
at testCases.TC_3_30_LoanTenureCalculator_IntegressionTestingForEMITextBoxAndSlider.validatingDataFlowBetweenEMISliderAndTextBox(TC_3_30_LoanTenureCalculator_IntegressionTestingForEMITextBoxAndSlider.java:49)
at java.base/java.util.ArrayList.forEach(ArrayList.java:1511)
... Removed 29 stack frames]]>
    </failure>
  </testcase> <!-- validatingDataFlowBetweenEMISliderAndTextBox -->
  <testcase classname="testBase.BaseClass" name="@BeforeTest setUp" time="0.0">
    <ignored/>
  </testcase> <!-- @BeforeTest setUp -->
  <testcase classname="testBase.BaseClass" name="@AfterTest tearDown" time="0.0">
    <ignored/>
  </testcase> <!-- @AfterTest tearDown -->
</testsuite> <!-- Test(failed) -->
